Please enter the size of the board (4-16): 6

Player 1 > 2     Player 2 > 2

  0 1 2 3 4 5
0 . . . . . .
1 . . . . . .
2 . . O X . .
3 . . X O . .
4 . . . . . .
5 . . . . . .

Player 1 turn, input 2 numbers (0-5) for row and column: 4 3

Player 1 > 4     Player 2 > 1

  0 1 2 3 4 5
0 . . . . . .
1 . . . . . .
2 . . O X . .
3 . . X X . .
4 . . . X . .
5 . . . . . .

Player 2 turn, input 2 numbers (0-5) for row and column: 2 4

Player 1 > 3     Player 2 > 3

  0 1 2 3 4 5
0 . . . . . .
1 . . . . . .
2 . . O O O .
3 . . X X . .
4 . . . X . .
5 . . . . . .

Player 1 turn, input 2 numbers (0-5) for row and column: 1 5

Player 1 > 5     Player 2 > 2

  0 1 2 3 4 5
0 . . . . . .
1 . . . . . X
2 . . O O X .
3 . . X X . .
4 . . . X . .
5 . . . . . .

Player 2 turn, input 2 numbers (0-5) for row and column: 6 6

Invalid input, please input again (Too big or small of an index): 0 1

Invalid move! Please try again (there are available moves!):  7 7

Invalid move! Please try again (there are available moves!): 2 5

Player 1 > 4     Player 2 > 4

  0 1 2 3 4 5
0 . . . . . .
1 . . . . . X
2 . . O O O O
3 . . X X . .
4 . . . X . .
5 . . . . . .

Player 1 turn, input 2 numbers (0-5) for row and column: 2 2

Invalid input, please input again (Full spot): 1 1

Player 1 > 6     Player 2 > 3

  0 1 2 3 4 5
0 . . . . . .
1 . X . . . X
2 . . X O O O
3 . . X X . .
4 . . . X . .
5 . . . . . .

Player 2 turn, input 2 numbers (0-5) for row and column: 4 1

Player 1 > 5     Player 2 > 5

  0 1 2 3 4 5
0 . . . . . .
1 . X . . . X
2 . . X O O O
3 . . O X . .
4 . O . X . .
5 . . . . . .

Player 1 turn, input 2 numbers (0-5) for row and column: 1 3

Player 1 > 7     Player 2 > 4

  0 1 2 3 4 5
0 . . . . . .
1 . X . X . X
2 . . X X O O
3 . . O X . .
4 . O . X . .
5 . . . . . .

Player 2 turn, input 2 numbers (0-5) for row and column: 5 4

Player 1 > 6     Player 2 > 6

  0 1 2 3 4 5
0 . . . . . .
1 . X . X . X
2 . . X X O O
3 . . O X . .
4 . O . O . .
5 . . . . O .

Player 1 turn, input 2 numbers (0-5) for row and column: 4 2

Player 1 > 8     Player 2 > 5

  0 1 2 3 4 5
0 . . . . . .
1 . X . X . X
2 . . X X O O
3 . . X X . .
4 . O X O . .
5 . . . . O .

Player 2 turn, input 2 numbers (0-5) for row and column: 0 3

Player 1 > 5     Player 2 > 9

  0 1 2 3 4 5
0 . . . O . .
1 . X . O . X
2 . . X O O O
3 . . X O . .
4 . O X O . .
5 . . . . O .

Player 1 turn, input 2 numbers (0-5) for row and column: 4 4

Player 1 > 8     Player 2 > 7

  0 1 2 3 4 5
0 . . . O . .
1 . X . O . X
2 . . X O O O
3 . . X X . .
4 . O X X X .
5 . . . . O .

Player 2 turn, input 2 numbers (0-5) for row and column: 4 5

Player 1 > 5     Player 2 > 11

  0 1 2 3 4 5
0 . . . O . .
1 . X . O . X
2 . . X O O O
3 . . X X . .
4 . O O O O O
5 . . . . O .

Player 1 turn, input 2 numbers (0-5) for row and column: 3 5

Player 1 > 7     Player 2 > 10

  0 1 2 3 4 5
0 . . . O . .
1 . X . O . X
2 . . X O O X
3 . . X X . X
4 . O O O O O
5 . . . . O .

Player 2 turn, input 2 numbers (0-5) for row and column: 0 5

Player 1 > 4     Player 2 > 14

  0 1 2 3 4 5
0 . . . O . O
1 . X . O . O
2 . . X O O O
3 . . X X . O
4 . O O O O O
5 . . . . O .

Player 1 turn, input 2 numbers (0-5) for row and column: 5 2

Player 1 > 6     Player 2 > 13

  0 1 2 3 4 5
0 . . . O . O
1 . X . O . O
2 . . X O O O
3 . . X X . O
4 . O X O O O
5 . . X . O .

Player 2 turn, input 2 numbers (0-5) for row and column: 5 5

Invalid move! Please try again (there are available moves!): 0 0

Player 1 > 3     Player 2 > 17

  0 1 2 3 4 5
0 O . . O . O
1 . O . O . O
2 . . O O O O
3 . . X O . O
4 . O X O O O
5 . . X . O .

Player 1 turn, input 2 numbers (0-5) for row and column: 1 4

Player 1 > 5     Player 2 > 16

  0 1 2 3 4 5
0 O . . O . O
1 . O . O X O
2 . . O X O O
3 . . X O . O
4 . O X O O O
5 . . X . O .

Player 2 turn, input 2 numbers (0-5) for row and column: 3 1

Player 1 > 4     Player 2 > 18

  0 1 2 3 4 5
0 O . . O . O
1 . O . O X O
2 . . O X O O
3 . O O O . O
4 . O X O O O
5 . . X . O .

Player 1 turn, input 2 numbers (0-5) for row and column: 4 0

Player 1 > 6     Player 2 > 17

  0 1 2 3 4 5
0 O . . O . O
1 . O . O X O
2 . . O X O O
3 . O O O . O
4 X X X O O O
5 . . X . O .

Player 2 turn, input 2 numbers (0-5) for row and column: 0 4

Player 1 > 5     Player 2 > 19

  0 1 2 3 4 5
0 O . . O O O
1 . O . O O O
2 . . O X O O
3 . O O O . O
4 X X X O O O
5 . . X . O .

Player 1 turn, input 2 numbers (0-5) for row and column: 2 1

Player 1 > 8     Player 2 > 17

  0 1 2 3 4 5
0 O . . O O O
1 . O . O O O
2 . X X X O O
3 . X O O . O
4 X X X O O O
5 . . X . O .

Player 2 turn, input 2 numbers (0-5) for row and column: 3 0

Player 1 > 7     Player 2 > 19

  0 1 2 3 4 5
0 O . . O O O
1 . O . O O O
2 . X X X O O
3 O O O O . O
4 X X X O O O
5 . . X . O .

Player 1 turn, input 2 numbers (0-5) for row and column: 1 2

Invalid move! Please try again (there are available moves!): 3 4

Player 1 > 9     Player 2 > 18

  0 1 2 3 4 5
0 O . . O O O
1 . O . O O O
2 . X X X O O
3 O O O O X O
4 X X X X O O
5 . . X . O .

Player 2 turn, input 2 numbers (0-5) for row and column: 5 3

Player 1 > 7     Player 2 > 21

  0 1 2 3 4 5
0 O . . O O O
1 . O . O O O
2 . X X X O O
3 O O O O X O
4 X X O O O O
5 . . X O O .

Player 1 turn, input 2 numbers (0-5) for row and column: 2 0

Player 1 > 9     Player 2 > 20

  0 1 2 3 4 5
0 O . . O O O
1 . O . O O O
2 X X X X O O
3 X O O O X O
4 X X O O O O
5 . . X O O .

Player 2 turn, input 2 numbers (0-5) for row and column: 5 0

Player 1 > 8     Player 2 > 22

  0 1 2 3 4 5
0 O . . O O O
1 . O . O O O
2 X X X X O O
3 X O O O X O
4 X O O O O O
5 O . X O O .

Player 1 turn, input 2 numbers (0-5) for row and column: 5 1

Player 1 > 11     Player 2 > 20

  0 1 2 3 4 5
0 O . . O O O
1 . O . O O O
2 X X X X O O
3 X X O O X O
4 X X O O O O
5 O X X O O .

Player 2 turn, input 2 numbers (0-5) for row and column: 1 0

Player 1 > 7     Player 2 > 25

  0 1 2 3 4 5
0 O . . O O O
1 O O . O O O
2 O O X X O O
3 O X O O X O
4 O X O O O O
5 O X X O O .

Player 1 turn, input 2 numbers (0-5) for row and column: 0 1

Player 1 > 10     Player 2 > 23

  0 1 2 3 4 5
0 O X . O O O
1 O X . O O O
2 O X X X O O
3 O X O O X O
4 O X O O O O
5 O X X O O .

Player 2 turn, input 2 numbers (0-5) for row and column: 1 0

Invalid input, please input again (Full spot): 0 2

Player 1 > 8     Player 2 > 26

  0 1 2 3 4 5
0 O O O O O O
1 O O . O O O
2 O X X X O O
3 O X O O X O
4 O X O O O O
5 O X X O O .

Player 1 turn, input 2 numbers (0-5) for row and column: 5 5

Player 1 > 13     Player 2 > 22

  0 1 2 3 4 5
0 O O O O O O
1 O O . O O O
2 O X X X O O
3 O X O X X O
4 O X O O X O
5 O X X X X X

Player 2 turn, input 2 numbers (0-5) for row and column: 1 2

Player 1 > 9     Player 2 > 27

  0 1 2 3 4 5
0 O O O O O O
1 O O O O O O
2 O O O O O O
3 O X O X O O
4 O X O O X O
5 O X X X X X

GAME OVER!

Player 1 > 9
Player 2 > 27

PLAYER 2 WINS!!